2024-10-12 15:38:34,928 - DEBUG - ʼ
2024-10-12 15:38:34,935 - DEBUG - ̴߳
2024-10-12 15:38:35,079 - INFO - ʼ˳ɼ
2024-10-12 15:38:35,108 - DEBUG - ʼһ-1. Сɼ
2024-10-12 15:38:35,111 - DEBUG - ʼһ-2. Сɼ
2024-10-12 15:38:35,115 - DEBUG - ʼһ-3. Сǿɼ
2024-10-12 15:38:35,118 - DEBUG - ʼһ-4. Сɼ
2024-10-12 15:38:35,120 - DEBUG - ʼһ-5. Сɼ
2024-10-12 15:38:35,122 - DEBUG - ʼһ-6. Сɼ
2024-10-12 15:38:35,125 - DEBUG - ʼһ-7. Сɼ
2024-10-12 15:38:35,127 - DEBUG - ʼһ-8. Сɼ
2024-10-12 15:38:35,129 - DEBUG - ʼһ-9. СƳɼ
2024-10-12 15:38:35,132 - DEBUG - ʼһ-10. Сճɼ
2024-10-12 15:38:35,139 - DEBUG - ʼһ-11. Сɼ
2024-10-12 15:38:35,142 - DEBUG - ʼһ-12. Сɼ
2024-10-12 15:38:35,144 - DEBUG - ʼһ-13. Сɼ
2024-10-12 15:38:35,147 - DEBUG - ʼһ-14. Сܳɼ
2024-10-12 15:38:35,149 - DEBUG - ʼһ-15. Сɼ
2024-10-12 15:38:35,151 - DEBUG - ʼһ-16. Сɳɼ
2024-10-12 15:38:35,155 - DEBUG - ʼһ-17. Сóɼ
2024-10-12 15:38:35,157 - DEBUG - ʼһ-18. Сΰɼ
2024-10-12 15:38:35,159 - DEBUG - ʼһ-19. Сϼɼ
2024-10-12 15:38:35,161 - DEBUG - ʼһ-20. Сɼ
2024-10-12 15:38:35,163 - DEBUG - ʼ-1. Сɼ
2024-10-12 15:38:35,165 - DEBUG - ʼ-2. Сɼ
2024-10-12 15:38:35,167 - DEBUG - ʼ-3. Сǿɼ
2024-10-12 15:38:35,169 - DEBUG - ʼ-4. Сɼ
2024-10-12 15:38:35,171 - DEBUG - ʼ-5. Сɼ
2024-10-12 15:38:35,173 - DEBUG - ʼ-6. Сɼ
2024-10-12 15:38:35,175 - DEBUG - ʼ-7. СƳɼ
2024-10-12 15:38:35,179 - DEBUG - ʼ-8. Сɼ
2024-10-12 15:38:35,180 - DEBUG - ʼ-9. Сóɼ
2024-10-12 15:38:35,183 - DEBUG - ʼ-10. Сɳɼ
2024-10-12 15:38:35,186 - DEBUG - ʼ-11. Сϼɼ
2024-10-12 15:38:35,188 - DEBUG - ʼ-12. Сճɼ
2024-10-12 15:38:35,190 - DEBUG - ʼ-13. Сɼ
2024-10-12 15:38:35,192 - DEBUG - ʼ-14. Сɼ
2024-10-12 15:38:35,195 - DEBUG - ʼ-15. Сɼ
2024-10-12 15:38:35,197 - DEBUG - ʼ-16. Сɼ
2024-10-12 15:38:35,199 - DEBUG - ʼ-17. Сɼ
2024-10-12 15:38:35,201 - DEBUG - ʼ-18. Сɼ
2024-10-12 15:38:35,204 - DEBUG - ʼ-19. Сɼ
2024-10-12 15:38:35,207 - DEBUG - ʼ-20. Сɼ
2024-10-12 15:38:35,210 - INFO - ʼ༶ɼ
2024-10-12 15:38:35,832 - DEBUG - ʼһɼ
2024-10-12 15:38:36,283 - DEBUG - ʼɼ
2024-10-12 15:38:36,804 - INFO - ɼ
2024-10-12 15:39:13,137 - DEBUG - ʼ
2024-10-12 15:39:13,144 - DEBUG - ̴߳
2024-10-12 15:39:13,303 - INFO - ʼ˳ɼ
2024-10-12 15:39:13,324 - DEBUG - ʼһ-1. Сɼ
2024-10-12 15:39:13,327 - DEBUG - ʼһ-2. Сɼ
2024-10-12 15:39:13,329 - DEBUG - ʼһ-3. Сǿɼ
2024-10-12 15:39:13,331 - DEBUG - ʼһ-4. Сɼ
2024-10-12 15:39:13,333 - DEBUG - ʼһ-5. Сɼ
2024-10-12 15:39:13,333 - DEBUG - ʼһ-6. Сɼ
2024-10-12 15:39:13,338 - DEBUG - ʼһ-7. Сɼ
2024-10-12 15:39:13,339 - DEBUG - ʼһ-8. Сɼ
2024-10-12 15:39:13,341 - DEBUG - ʼһ-9. СƳɼ
2024-10-12 15:39:13,342 - DEBUG - ʼһ-10. Сճɼ
2024-10-12 15:39:13,346 - DEBUG - ʼһ-11. Сɼ
2024-10-12 15:39:13,347 - DEBUG - ʼһ-12. Сɼ
2024-10-12 15:39:13,349 - DEBUG - ʼһ-13. Сɼ
2024-10-12 15:39:13,351 - DEBUG - ʼһ-14. Сܳɼ
2024-10-12 15:39:13,354 - DEBUG - ʼһ-15. Сɼ
2024-10-12 15:39:13,356 - DEBUG - ʼһ-16. Сɳɼ
2024-10-12 15:39:13,357 - DEBUG - ʼһ-17. Сóɼ
2024-10-12 15:39:13,359 - DEBUG - ʼһ-18. Сΰɼ
2024-10-12 15:39:13,362 - DEBUG - ʼһ-19. Сϼɼ
2024-10-12 15:39:13,364 - DEBUG - ʼһ-20. Сɼ
2024-10-12 15:39:13,365 - DEBUG - ʼ-1. Сɼ
2024-10-12 15:39:13,368 - DEBUG - ʼ-2. Сɼ
2024-10-12 15:39:13,370 - DEBUG - ʼ-3. Сǿɼ
2024-10-12 15:39:13,373 - DEBUG - ʼ-4. Сɼ
2024-10-12 15:39:13,375 - DEBUG - ʼ-5. Сɼ
2024-10-12 15:39:13,377 - DEBUG - ʼ-6. Сɼ
2024-10-12 15:39:13,379 - DEBUG - ʼ-7. СƳɼ
2024-10-12 15:39:13,381 - DEBUG - ʼ-8. Сɼ
2024-10-12 15:39:13,383 - DEBUG - ʼ-9. Сóɼ
2024-10-12 15:39:13,385 - DEBUG - ʼ-10. Сɳɼ
2024-10-12 15:39:13,388 - DEBUG - ʼ-11. Сϼɼ
2024-10-12 15:39:13,389 - DEBUG - ʼ-12. Сճɼ
2024-10-12 15:39:13,392 - DEBUG - ʼ-13. Сɼ
2024-10-12 15:39:13,395 - DEBUG - ʼ-14. Сɼ
2024-10-12 15:39:13,397 - DEBUG - ʼ-15. Сɼ
2024-10-12 15:39:13,400 - DEBUG - ʼ-16. Сɼ
2024-10-12 15:39:13,402 - DEBUG - ʼ-17. Сɼ
2024-10-12 15:39:13,404 - DEBUG - ʼ-18. Сɼ
2024-10-12 15:39:13,405 - DEBUG - ʼ-19. Сɼ
2024-10-12 15:39:13,407 - DEBUG - ʼ-20. Сɼ
2024-10-12 15:39:13,410 - INFO - ʼ༶ɼ
2024-10-12 15:39:14,150 - DEBUG - ʼһɼ
2024-10-12 15:39:14,609 - DEBUG - ʼɼ
2024-10-12 15:39:15,118 - INFO - ɼ
2024-10-12 16:02:27,904 - DEBUG - 开始处理
2024-10-12 16:02:27,909 - DEBUG - 辅助线程处理任务
2024-10-12 16:02:28,023 - INFO - 开始处理个人成绩单任务
2024-10-12 16:02:28,061 - DEBUG - 开始处理一班-1. 王小明成绩单
2024-10-12 16:02:28,067 - DEBUG - 开始处理一班-2. 李小红成绩单
2024-10-12 16:02:28,069 - DEBUG - 开始处理一班-3. 张小强成绩单
2024-10-12 16:02:28,072 - DEBUG - 开始处理一班-4. 刘小芳成绩单
2024-10-12 16:02:28,079 - DEBUG - 开始处理一班-5. 陈小华成绩单
2024-10-12 16:02:28,082 - DEBUG - 开始处理一班-6. 杨小军成绩单
2024-10-12 16:02:28,084 - DEBUG - 开始处理一班-7. 黄小雨成绩单
2024-10-12 16:02:28,086 - DEBUG - 开始处理一班-8. 徐小青成绩单
2024-10-12 16:02:28,089 - DEBUG - 开始处理一班-9. 赵小云成绩单
2024-10-12 16:02:28,091 - DEBUG - 开始处理一班-10. 周小刚成绩单
2024-10-12 16:02:28,093 - DEBUG - 开始处理一班-11. 吴小丽成绩单
2024-10-12 16:02:28,095 - DEBUG - 开始处理一班-12. 孙小明成绩单
2024-10-12 16:02:28,097 - DEBUG - 开始处理一班-13. 朱小娟成绩单
2024-10-12 16:02:28,100 - DEBUG - 开始处理一班-14. 曾小弟成绩单
2024-10-12 16:02:28,102 - DEBUG - 开始处理一班-15. 许小花成绩单
2024-10-12 16:02:28,105 - DEBUG - 开始处理一班-16. 马小飞成绩单
2024-10-12 16:02:28,107 - DEBUG - 开始处理一班-17. 胡小婷成绩单
2024-10-12 16:02:28,109 - DEBUG - 开始处理一班-18. 林小伟成绩单
2024-10-12 16:02:28,113 - DEBUG - 开始处理一班-19. 沈小霞成绩单
2024-10-12 16:02:28,115 - DEBUG - 开始处理一班-20. 梁小龙成绩单
2024-10-12 16:02:28,117 - DEBUG - 开始处理二班-1. 王小华成绩单
2024-10-12 16:02:28,120 - DEBUG - 开始处理二班-2. 李小丽成绩单
2024-10-12 16:02:28,122 - DEBUG - 开始处理二班-3. 张小强成绩单
2024-10-12 16:02:28,125 - DEBUG - 开始处理二班-4. 刘小芳成绩单
2024-10-12 16:02:28,127 - DEBUG - 开始处理二班-5. 陈小明成绩单
2024-10-12 16:02:28,130 - DEBUG - 开始处理二班-6. 杨小红成绩单
2024-10-12 16:02:28,132 - DEBUG - 开始处理二班-7. 黄小云成绩单
2024-10-12 16:02:28,135 - DEBUG - 开始处理二班-8. 徐小龙成绩单
2024-10-12 16:02:28,137 - DEBUG - 开始处理二班-9. 赵小婷成绩单
2024-10-12 16:02:28,140 - DEBUG - 开始处理二班-10. 周小飞成绩单
2024-10-12 16:02:28,143 - DEBUG - 开始处理二班-11. 吴小霞成绩单
2024-10-12 16:02:28,145 - DEBUG - 开始处理二班-12. 孙小刚成绩单
2024-10-12 16:02:28,148 - DEBUG - 开始处理二班-13. 朱小青成绩单
2024-10-12 16:02:28,150 - DEBUG - 开始处理二班-14. 曾小雨成绩单
2024-10-12 16:02:28,153 - DEBUG - 开始处理二班-15. 许小华成绩单
2024-10-12 16:02:28,155 - DEBUG - 开始处理二班-16. 马小娟成绩单
2024-10-12 16:02:28,156 - DEBUG - 开始处理二班-17. 胡小明成绩单
2024-10-12 16:02:28,160 - DEBUG - 开始处理二班-18. 林小风成绩单
2024-10-12 16:02:28,162 - DEBUG - 开始处理二班-19. 沈小龙成绩单
2024-10-12 16:02:28,165 - DEBUG - 开始处理二班-20. 梁小丽成绩单
2024-10-12 16:02:28,168 - INFO - 开始处理班级成绩单任务
2024-10-12 16:02:28,914 - DEBUG - 开始处理一班成绩单
2024-10-12 16:02:29,412 - DEBUG - 开始处理二班成绩单
2024-10-12 16:02:29,903 - INFO - 成绩单处理任务完成
